{"C:\\ai-training-notepad\\backend\\server.js": {"path":"C:\\ai-training-notepad\\backend\\server.js","statementMap":{"0":{"start":{"line":1,"column":16},"end":{"line":1,"column":34}},"1":{"start":{"line":2,"column":13},"end":{"line":2,"column":28}},"2":{"start":{"line":3,"column":23},"end":{"line":3,"column":38}},"3":{"start":{"line":5,"column":12},"end":{"line":5,"column":21}},"4":{"start":{"line":6,"column":13},"end":{"line":6,"column":37}},"5":{"start":{"line":8,"column":0},"end":{"line":8,"column":16}},"6":{"start":{"line":9,"column":0},"end":{"line":9,"column":24}},"7":{"start":{"line":11,"column":16},"end":{"line":11,"column":18}},"8":{"start":{"line":13,"column":0},"end":{"line":19,"column":3}},"9":{"start":{"line":14,"column":23},"end":{"line":17,"column":5}},"10":{"start":{"line":14,"column":45},"end":{"line":17,"column":3}},"11":{"start":{"line":18,"column":2},"end":{"line":18,"column":93}},"12":{"start":{"line":18,"column":39},"end":{"line":18,"column":90}},"13":{"start":{"line":21,"column":0},"end":{"line":30,"column":3}},"14":{"start":{"line":22,"column":19},"end":{"line":22,"column":66}},"15":{"start":{"line":22,"column":41},"end":{"line":22,"column":65}},"16":{"start":{"line":23,"column":2},"end":{"line":25,"column":3}},"17":{"start":{"line":24,"column":4},"end":{"line":24,"column":65}},"18":{"start":{"line":26,"column":2},"end":{"line":29,"column":5}},"19":{"start":{"line":32,"column":0},"end":{"line":52,"column":3}},"20":{"start":{"line":33,"column":18},"end":{"line":33,"column":43}},"21":{"start":{"line":35,"column":22},"end":{"line":41,"column":3}},"22":{"start":{"line":44,"column":2},"end":{"line":48,"column":3}},"23":{"start":{"line":45,"column":4},"end":{"line":45,"column":53}},"24":{"start":{"line":47,"column":4},"end":{"line":47,"column":49}},"25":{"start":{"line":50,"column":2},"end":{"line":50,"column":30}},"26":{"start":{"line":51,"column":2},"end":{"line":51,"column":36}},"27":{"start":{"line":54,"column":0},"end":{"line":82,"column":3}},"28":{"start":{"line":55,"column":24},"end":{"line":55,"column":76}},"29":{"start":{"line":55,"column":51},"end":{"line":55,"column":75}},"30":{"start":{"line":56,"column":2},"end":{"line":58,"column":3}},"31":{"start":{"line":57,"column":4},"end":{"line":57,"column":65}},"32":{"start":{"line":61,"column":2},"end":{"line":63,"column":3}},"33":{"start":{"line":62,"column":4},"end":{"line":62,"column":93}},"34":{"start":{"line":65,"column":22},"end":{"line":65,"column":46}},"35":{"start":{"line":67,"column":2},"end":{"line":72,"column":4}},"36":{"start":{"line":75,"column":2},"end":{"line":79,"column":3}},"37":{"start":{"line":76,"column":4},"end":{"line":76,"column":119}},"38":{"start":{"line":78,"column":4},"end":{"line":78,"column":111}},"39":{"start":{"line":81,"column":2},"end":{"line":81,"column":37}},"40":{"start":{"line":84,"column":0},"end":{"line":92,"column":3}},"41":{"start":{"line":85,"column":24},"end":{"line":85,"column":76}},"42":{"start":{"line":85,"column":51},"end":{"line":85,"column":75}},"43":{"start":{"line":86,"column":2},"end":{"line":88,"column":3}},"44":{"start":{"line":87,"column":4},"end":{"line":87,"column":65}},"45":{"start":{"line":90,"column":2},"end":{"line":90,"column":37}},"46":{"start":{"line":91,"column":2},"end":{"line":91,"column":25}},"47":{"start":{"line":94,"column":0},"end":{"line":96,"column":3}},"48":{"start":{"line":95,"column":2},"end":{"line":95,"column":48}}},"fnMap":{"0":{"name":"(anonymous_0)","decl":{"start":{"line":13,"column":26},"end":{"line":13,"column":27}},"loc":{"start":{"line":13,"column":40},"end":{"line":19,"column":1}},"line":13},"1":{"name":"(anonymous_1)","decl":{"start":{"line":14,"column":37},"end":{"line":14,"column":38}},"loc":{"start":{"line":14,"column":45},"end":{"line":17,"column":3}},"line":14},"2":{"name":"(anonymous_2)","decl":{"start":{"line":18,"column":29},"end":{"line":18,"column":30}},"loc":{"start":{"line":18,"column":39},"end":{"line":18,"column":90}},"line":18},"3":{"name":"(anonymous_3)","decl":{"start":{"line":21,"column":30},"end":{"line":21,"column":31}},"loc":{"start":{"line":21,"column":44},"end":{"line":30,"column":1}},"line":21},"4":{"name":"(anonymous_4)","decl":{"start":{"line":22,"column":34},"end":{"line":22,"column":35}},"loc":{"start":{"line":22,"column":41},"end":{"line":22,"column":65}},"line":22},"5":{"name":"(anonymous_5)","decl":{"start":{"line":32,"column":27},"end":{"line":32,"column":28}},"loc":{"start":{"line":32,"column":41},"end":{"line":52,"column":1}},"line":32},"6":{"name":"(anonymous_6)","decl":{"start":{"line":54,"column":30},"end":{"line":54,"column":31}},"loc":{"start":{"line":54,"column":44},"end":{"line":82,"column":1}},"line":54},"7":{"name":"(anonymous_7)","decl":{"start":{"line":55,"column":44},"end":{"line":55,"column":45}},"loc":{"start":{"line":55,"column":51},"end":{"line":55,"column":75}},"line":55},"8":{"name":"(anonymous_8)","decl":{"start":{"line":84,"column":33},"end":{"line":84,"column":34}},"loc":{"start":{"line":84,"column":47},"end":{"line":92,"column":1}},"line":84},"9":{"name":"(anonymous_9)","decl":{"start":{"line":85,"column":44},"end":{"line":85,"column":45}},"loc":{"start":{"line":85,"column":51},"end":{"line":85,"column":75}},"line":85},"10":{"name":"(anonymous_10)","decl":{"start":{"line":94,"column":17},"end":{"line":94,"column":18}},"loc":{"start":{"line":94,"column":23},"end":{"line":96,"column":1}},"line":94}},"branchMap":{"0":{"loc":{"start":{"line":6,"column":13},"end":{"line":6,"column":37}},"type":"binary-expr","locations":[{"start":{"line":6,"column":13},"end":{"line":6,"column":29}},{"start":{"line":6,"column":33},"end":{"line":6,"column":37}}],"line":6},"1":{"loc":{"start":{"line":16,"column":10},"end":{"line":16,"column":24}},"type":"binary-expr","locations":[{"start":{"line":16,"column":10},"end":{"line":16,"column":18}},{"start":{"line":16,"column":22},"end":{"line":16,"column":24}}],"line":16},"2":{"loc":{"start":{"line":23,"column":2},"end":{"line":25,"column":3}},"type":"if","locations":[{"start":{"line":23,"column":2},"end":{"line":25,"column":3}},{"start":{},"end":{}}],"line":23},"3":{"loc":{"start":{"line":28,"column":10},"end":{"line":28,"column":29}},"type":"binary-expr","locations":[{"start":{"line":28,"column":10},"end":{"line":28,"column":23}},{"start":{"line":28,"column":27},"end":{"line":28,"column":29}}],"line":28},"4":{"loc":{"start":{"line":33,"column":18},"end":{"line":33,"column":43}},"type":"binary-expr","locations":[{"start":{"line":33,"column":18},"end":{"line":33,"column":31}},{"start":{"line":33,"column":35},"end":{"line":33,"column":43}}],"line":33},"5":{"loc":{"start":{"line":37,"column":11},"end":{"line":37,"column":48}},"type":"binary-expr","locations":[{"start":{"line":37,"column":11},"end":{"line":37,"column":25}},{"start":{"line":37,"column":29},"end":{"line":37,"column":48}}],"line":37},"6":{"loc":{"start":{"line":39,"column":10},"end":{"line":39,"column":29}},"type":"binary-expr","locations":[{"start":{"line":39,"column":10},"end":{"line":39,"column":23}},{"start":{"line":39,"column":27},"end":{"line":39,"column":29}}],"line":39},"7":{"loc":{"start":{"line":44,"column":2},"end":{"line":48,"column":3}},"type":"if","locations":[{"start":{"line":44,"column":2},"end":{"line":48,"column":3}},{"start":{"line":46,"column":9},"end":{"line":48,"column":3}}],"line":44},"8":{"loc":{"start":{"line":45,"column":28},"end":{"line":45,"column":52}},"type":"binary-expr","locations":[{"start":{"line":45,"column":28},"end":{"line":45,"column":46}},{"start":{"line":45,"column":50},"end":{"line":45,"column":52}}],"line":45},"9":{"loc":{"start":{"line":47,"column":26},"end":{"line":47,"column":48}},"type":"binary-expr","locations":[{"start":{"line":47,"column":26},"end":{"line":47,"column":42}},{"start":{"line":47,"column":46},"end":{"line":47,"column":48}}],"line":47},"10":{"loc":{"start":{"line":56,"column":2},"end":{"line":58,"column":3}},"type":"if","locations":[{"start":{"line":56,"column":2},"end":{"line":58,"column":3}},{"start":{},"end":{}}],"line":56},"11":{"loc":{"start":{"line":61,"column":2},"end":{"line":63,"column":3}},"type":"if","locations":[{"start":{"line":61,"column":2},"end":{"line":63,"column":3}},{"start":{},"end":{}}],"line":61},"12":{"loc":{"start":{"line":61,"column":6},"end":{"line":61,"column":70}},"type":"binary-expr","locations":[{"start":{"line":61,"column":6},"end":{"line":61,"column":19}},{"start":{"line":61,"column":23},"end":{"line":61,"column":70}}],"line":61},"13":{"loc":{"start":{"line":69,"column":11},"end":{"line":69,"column":46}},"type":"binary-expr","locations":[{"start":{"line":69,"column":11},"end":{"line":69,"column":25}},{"start":{"line":69,"column":29},"end":{"line":69,"column":46}}],"line":69},"14":{"loc":{"start":{"line":70,"column":10},"end":{"line":70,"column":78}},"type":"cond-expr","locations":[{"start":{"line":70,"column":40},"end":{"line":70,"column":53}},{"start":{"line":70,"column":56},"end":{"line":70,"column":78}}],"line":70},"15":{"loc":{"start":{"line":70,"column":56},"end":{"line":70,"column":78}},"type":"binary-expr","locations":[{"start":{"line":70,"column":56},"end":{"line":70,"column":72}},{"start":{"line":70,"column":76},"end":{"line":70,"column":78}}],"line":70},"16":{"loc":{"start":{"line":75,"column":2},"end":{"line":79,"column":3}},"type":"if","locations":[{"start":{"line":75,"column":2},"end":{"line":79,"column":3}},{"start":{"line":77,"column":9},"end":{"line":79,"column":3}}],"line":75},"17":{"loc":{"start":{"line":76,"column":41},"end":{"line":76,"column":118}},"type":"cond-expr","locations":[{"start":{"line":76,"column":76},"end":{"line":76,"column":94}},{"start":{"line":76,"column":97},"end":{"line":76,"column":118}}],"line":76},"18":{"loc":{"start":{"line":78,"column":39},"end":{"line":78,"column":110}},"type":"cond-expr","locations":[{"start":{"line":78,"column":72},"end":{"line":78,"column":88}},{"start":{"line":78,"column":91},"end":{"line":78,"column":110}}],"line":78},"19":{"loc":{"start":{"line":86,"column":2},"end":{"line":88,"column":3}},"type":"if","locations":[{"start":{"line":86,"column":2},"end":{"line":88,"column":3}},{"start":{},"end":{}}],"line":86}},"s":{"0":0,"1":0,"2":0,"3":0,"4":0,"5":0,"6":0,"7":0,"8":0,"9":0,"10":0,"11":0,"12":0,"13":0,"14":0,"15":0,"16":0,"17":0,"18":0,"19":0,"20":0,"21":0,"22":0,"23":0,"24":0,"25":0,"26":0,"27":0,"28":0,"29":0,"30":0,"31":0,"32":0,"33":0,"34":0,"35":0,"36":0,"37":0,"38":0,"39":0,"40":0,"41":0,"42":0,"43":0,"44":0,"45":0,"46":0,"47":0,"48":0},"f":{"0":0,"1":0,"2":0,"3":0,"4":0,"5":0,"6":0,"7":0,"8":0,"9":0,"10":0},"b":{"0":[0,0],"1":[0,0],"2":[0,0],"3":[0,0],"4":[0,0],"5":[0,0],"6":[0,0],"7":[0,0],"8":[0,0],"9":[0,0],"10":[0,0],"11":[0,0],"12":[0,0],"13":[0,0],"14":[0,0],"15":[0,0],"16":[0,0],"17":[0,0],"18":[0,0],"19":[0,0]}}
}
